<?xml version="1.0" encoding="UTF-8"?>
<testsuite name="com.jojoldu.book.springboot.web.HelloControllerTest" tests="2" skipped="0" failures="0" errors="0" timestamp="2023-04-05T14:46:11" hostname="DESKTOP-MII7F4P" time="0.183">
  <properties/>
  <testcase name="hello가_리턴된다" classname="com.jojoldu.book.springboot.web.HelloControllerTest" time="0.056"/>
  <testcase name="helloDto가_리턴된다" classname="com.jojoldu.book.springboot.web.HelloControllerTest" time="0.126"/>
  <system-out><![CDATA[2023-04-05 23:46:10.515  INFO 3964 --- [    Test worker] .b.t.a.w.s.WebMvcTestContextBootstrapper : Neither @ContextConfiguration nor @ContextHierarchy found for test class [com.jojoldu.book.springboot.web.HelloControllerTest], using SpringBootContextLoader
2023-04-05 23:46:10.517  INFO 3964 --- [    Test worker] o.s.t.c.support.AbstractContextLoader    : Could not detect default resource locations for test class [com.jojoldu.book.springboot.web.HelloControllerTest]: no resource found for suffixes {-context.xml, Context.groovy}.
2023-04-05 23:46:10.518  INFO 3964 --- [    Test worker] t.c.s.AnnotationConfigContextLoaderUtils : Could not detect default configuration classes for test class [com.jojoldu.book.springboot.web.HelloControllerTest]: HelloControllerTest does not declare any static, non-private, non-final, nested classes annotated with @Configuration.
2023-04-05 23:46:10.539  INFO 3964 --- [    Test worker] .b.t.c.SpringBootTestContextBootstrapper : Found @SpringBootConfiguration com.jojoldu.book.springboot.Application for test class com.jojoldu.book.springboot.web.HelloControllerTest
2023-04-05 23:46:10.539  INFO 3964 --- [    Test worker] .b.t.a.w.s.WebMvcTestContextBootstrapper : Loaded default TestExecutionListener class names from location [META-INF/spring.factories]: [org.springframework.security.test.context.support.WithSecurityContextTestExecutionListener, org.springframework.security.test.context.support.ReactorContextTestExecutionListener, org.springframework.boot.test.autoconfigure.restdocs.RestDocsTestExecutionListener, org.springframework.boot.test.autoconfigure.web.client.MockRestServiceServerResetTestExecutionListener, org.springframework.boot.test.autoconfigure.web.servlet.MockMvcPrintOnlyOnFailureTestExecutionListener, org.springframework.boot.test.autoconfigure.web.servlet.WebDriverTestExecutionListener, org.springframework.boot.test.mock.mockito.MockitoTestExecutionListener, org.springframework.boot.test.mock.mockito.ResetMocksTestExecutionListener, org.springframework.test.context.web.ServletTestExecutionListener, org.springframework.test.context.support.DirtiesContextBeforeModesTestExecutionListener, org.springframework.test.context.support.DependencyInjectionTestExecutionListener, org.springframework.test.context.support.DirtiesContextTestExecutionListener, org.springframework.test.context.transaction.TransactionalTestExecutionListener, org.springframework.test.context.jdbc.SqlScriptsTestExecutionListener]
2023-04-05 23:46:10.541  INFO 3964 --- [    Test worker] .b.t.a.w.s.WebMvcTestContextBootstrapper : Using TestExecutionListeners: [org.springframework.test.context.web.ServletTestExecutionListener@59328a43, org.springframework.test.context.support.DirtiesContextBeforeModesTestExecutionListener@76b5b813, org.springframework.boot.test.mock.mockito.MockitoTestExecutionListener@233a70c6, org.springframework.boot.test.autoconfigure.SpringBootDependencyInjectionTestExecutionListener@1442bd6, org.springframework.test.context.support.DirtiesContextTestExecutionListener@4c69c92f, org.springframework.test.context.transaction.TransactionalTestExecutionListener@17c78591, org.springframework.test.context.jdbc.SqlScriptsTestExecutionListener@670b7bef, org.springframework.security.test.context.support.WithSecurityContextTestExecutionListener@47b1f643, org.springframework.security.test.context.support.ReactorContextTestExecutionListener@45137f2b, org.springframework.boot.test.autoconfigure.restdocs.RestDocsTestExecutionListener@6ed39115, org.springframework.boot.test.autoconfigure.web.client.MockRestServiceServerResetTestExecutionListener@523b4b23, org.springframework.boot.test.autoconfigure.web.servlet.MockMvcPrintOnlyOnFailureTestExecutionListener@1a70acc9, org.springframework.boot.test.autoconfigure.web.servlet.WebDriverTestExecutionListener@4444628b, org.springframework.boot.test.mock.mockito.ResetMocksTestExecutionListener@36ed182f]

  .   ____          _            __ _ _
 /\\ / ___'_ __ _ _(_)_ __  __ _ \ \ \ \
( ( )\___ | '_ | '_| | '_ \/ _` | \ \ \ \
 \\/  ___)| |_)| | | | | || (_| |  ) ) ) )
  '  |____| .__|_| |_|_| |_\__, | / / / /
 =========|_|==============|___/=/_/_/_/
 :: Spring Boot ::        (v2.1.7.RELEASE)

2023-04-05 23:46:10.585  INFO 3964 --- [    Test worker] c.j.b.s.web.HelloControllerTest          : Starting HelloControllerTest on DESKTOP-MII7F4P with PID 3964 (started by SeHyeon in C:\Users\SeHyeon\Documents\Spring\Projects\webservice-practice)
2023-04-05 23:46:10.586  INFO 3964 --- [    Test worker] c.j.b.s.web.HelloControllerTest          : No active profile set, falling back to default profiles: default
2023-04-05 23:46:11.256  INFO 3964 --- [    Test worker] o.s.s.concurrent.ThreadPoolTaskExecutor  : Initializing ExecutorService 'applicationTaskExecutor'
2023-04-05 23:46:11.303  INFO 3964 --- [    Test worker] o.s.b.a.w.s.WelcomePageHandlerMapping    : Adding welcome page template: index
2023-04-05 23:46:11.609  INFO 3964 --- [    Test worker] .s.s.UserDetailsServiceAutoConfiguration : 

Using generated security password: 8ef9d6b9-f271-4d36-b4ce-b714892b43dd

2023-04-05 23:46:11.830  INFO 3964 --- [    Test worker] o.s.s.web.DefaultSecurityFilterChain     : Creating filter chain: any request, [org.springframework.security.web.context.request.async.WebAsyncManagerIntegrationFilter@7dacea0, org.springframework.security.web.context.SecurityContextPersistenceFilter@f286ec6, org.springframework.security.web.header.HeaderWriterFilter@4dfa2380, org.springframework.security.web.csrf.CsrfFilter@24a3d506, org.springframework.security.web.authentication.logout.LogoutFilter@24329afb, org.springframework.security.web.authentication.UsernamePasswordAuthenticationFilter@dc0ab13, org.springframework.security.web.authentication.ui.DefaultLoginPageGeneratingFilter@39f44550, org.springframework.security.web.authentication.ui.DefaultLogoutPageGeneratingFilter@3c022efe, org.springframework.security.web.authentication.www.BasicAuthenticationFilter@60654b36, org.springframework.security.web.savedrequest.RequestCacheAwareFilter@c4a5a84, org.springframework.security.web.servletapi.SecurityContextHolderAwareRequestFilter@10309eae, org.springframework.security.web.authentication.AnonymousAuthenticationFilter@7674feb3, org.springframework.security.web.session.SessionManagementFilter@77cbc4dc, org.springframework.security.web.access.ExceptionTranslationFilter@3506ccf3, org.springframework.security.web.access.intercept.FilterSecurityInterceptor@4eec88f2]
2023-04-05 23:46:11.863  INFO 3964 --- [    Test worker] o.s.b.t.m.w.SpringBootMockServletContext : Initializing Spring TestDispatcherServlet ''
2023-04-05 23:46:11.864  INFO 3964 --- [    Test worker] o.s.t.web.servlet.TestDispatcherServlet  : Initializing Servlet ''
2023-04-05 23:46:11.882  INFO 3964 --- [    Test worker] o.s.t.web.servlet.TestDispatcherServlet  : Completed initialization in 18 ms
2023-04-05 23:46:11.932  INFO 3964 --- [    Test worker] c.j.b.s.web.HelloControllerTest          : Started HelloControllerTest in 1.388 seconds (JVM running for 19.746)
]]></system-out>
  <system-err><![CDATA[]]></system-err>
</testsuite>
