<?xml version="1.0" encoding="UTF-8"?>
<testsuite name="com.jojoldu.book.springboot.web.HelloControllerTest" tests="2" skipped="0" failures="0" errors="0" timestamp="2023-04-11T04:54:25" hostname="DESKTOP-MII7F4P" time="0.369">
  <properties/>
  <testcase name="hello가_리턴된다" classname="com.jojoldu.book.springboot.web.HelloControllerTest" time="0.131"/>
  <testcase name="helloDto가_리턴된다" classname="com.jojoldu.book.springboot.web.HelloControllerTest" time="0.237"/>
  <system-out><![CDATA[2023-04-11 13:54:23.150  INFO 6452 --- [    Test worker] .b.t.a.w.s.WebMvcTestContextBootstrapper : Neither @ContextConfiguration nor @ContextHierarchy found for test class [com.jojoldu.book.springboot.web.HelloControllerTest], using SpringBootContextLoader
2023-04-11 13:54:23.152  INFO 6452 --- [    Test worker] o.s.t.c.support.AbstractContextLoader    : Could not detect default resource locations for test class [com.jojoldu.book.springboot.web.HelloControllerTest]: no resource found for suffixes {-context.xml, Context.groovy}.
2023-04-11 13:54:23.152  INFO 6452 --- [    Test worker] t.c.s.AnnotationConfigContextLoaderUtils : Could not detect default configuration classes for test class [com.jojoldu.book.springboot.web.HelloControllerTest]: HelloControllerTest does not declare any static, non-private, non-final, nested classes annotated with @Configuration.
2023-04-11 13:54:23.198  INFO 6452 --- [    Test worker] .b.t.c.SpringBootTestContextBootstrapper : Found @SpringBootConfiguration com.jojoldu.book.springboot.Application for test class com.jojoldu.book.springboot.web.HelloControllerTest
2023-04-11 13:54:23.200  INFO 6452 --- [    Test worker] .b.t.a.w.s.WebMvcTestContextBootstrapper : Loaded default TestExecutionListener class names from location [META-INF/spring.factories]: [org.springframework.security.test.context.support.WithSecurityContextTestExecutionListener, org.springframework.security.test.context.support.ReactorContextTestExecutionListener, org.springframework.boot.test.autoconfigure.restdocs.RestDocsTestExecutionListener, org.springframework.boot.test.autoconfigure.web.client.MockRestServiceServerResetTestExecutionListener, org.springframework.boot.test.autoconfigure.web.servlet.MockMvcPrintOnlyOnFailureTestExecutionListener, org.springframework.boot.test.autoconfigure.web.servlet.WebDriverTestExecutionListener, org.springframework.boot.test.mock.mockito.MockitoTestExecutionListener, org.springframework.boot.test.mock.mockito.ResetMocksTestExecutionListener, org.springframework.test.context.web.ServletTestExecutionListener, org.springframework.test.context.support.DirtiesContextBeforeModesTestExecutionListener, org.springframework.test.context.support.DependencyInjectionTestExecutionListener, org.springframework.test.context.support.DirtiesContextTestExecutionListener, org.springframework.test.context.transaction.TransactionalTestExecutionListener, org.springframework.test.context.jdbc.SqlScriptsTestExecutionListener]
2023-04-11 13:54:23.203  INFO 6452 --- [    Test worker] .b.t.a.w.s.WebMvcTestContextBootstrapper : Using TestExecutionListeners: [org.springframework.test.context.web.ServletTestExecutionListener@a779ac6, org.springframework.test.context.support.DirtiesContextBeforeModesTestExecutionListener@2d7aad22, org.springframework.boot.test.mock.mockito.MockitoTestExecutionListener@5d28ebe0, org.springframework.boot.test.autoconfigure.SpringBootDependencyInjectionTestExecutionListener@607e58d0, org.springframework.test.context.support.DirtiesContextTestExecutionListener@56e94fb3, org.springframework.test.context.transaction.TransactionalTestExecutionListener@2e82fbf1, org.springframework.test.context.jdbc.SqlScriptsTestExecutionListener@346f722a, org.springframework.security.test.context.support.WithSecurityContextTestExecutionListener@26c514af, org.springframework.security.test.context.support.ReactorContextTestExecutionListener@3acd5313, org.springframework.boot.test.autoconfigure.restdocs.RestDocsTestExecutionListener@3296ac8, org.springframework.boot.test.autoconfigure.web.client.MockRestServiceServerResetTestExecutionListener@4c98b6a5, org.springframework.boot.test.autoconfigure.web.servlet.MockMvcPrintOnlyOnFailureTestExecutionListener@42f6b3f5, org.springframework.boot.test.autoconfigure.web.servlet.WebDriverTestExecutionListener@12732573, org.springframework.boot.test.mock.mockito.ResetMocksTestExecutionListener@5a4462df]

  .   ____          _            __ _ _
 /\\ / ___'_ __ _ _(_)_ __  __ _ \ \ \ \
( ( )\___ | '_ | '_| | '_ \/ _` | \ \ \ \
 \\/  ___)| |_)| | | | | || (_| |  ) ) ) )
  '  |____| .__|_| |_|_| |_\__, | / / / /
 =========|_|==============|___/=/_/_/_/
 :: Spring Boot ::        (v2.1.7.RELEASE)

2023-04-11 13:54:23.264  INFO 6452 --- [    Test worker] c.j.b.s.web.HelloControllerTest          : Starting HelloControllerTest on DESKTOP-MII7F4P with PID 6452 (started by SeHyeon in C:\Users\SeHyeon\Documents\Spring\Projects\webservice-practice)
2023-04-11 13:54:23.266  INFO 6452 --- [    Test worker] c.j.b.s.web.HelloControllerTest          : No active profile set, falling back to default profiles: default
2023-04-11 13:54:24.149  INFO 6452 --- [    Test worker] o.s.s.concurrent.ThreadPoolTaskExecutor  : Initializing ExecutorService 'applicationTaskExecutor'
2023-04-11 13:54:24.228  INFO 6452 --- [    Test worker] o.s.b.a.w.s.WelcomePageHandlerMapping    : Adding welcome page template: index
2023-04-11 13:54:24.679  INFO 6452 --- [    Test worker] .s.s.UserDetailsServiceAutoConfiguration : 

Using generated security password: 51df4778-79a2-4773-ba0c-2bf0ab9ff549

2023-04-11 13:54:24.954  INFO 6452 --- [    Test worker] o.s.s.web.DefaultSecurityFilterChain     : Creating filter chain: any request, [org.springframework.security.web.context.request.async.WebAsyncManagerIntegrationFilter@394b730c, org.springframework.security.web.context.SecurityContextPersistenceFilter@adedce6, org.springframework.security.web.header.HeaderWriterFilter@4879bbd6, org.springframework.security.web.csrf.CsrfFilter@40016ab1, org.springframework.security.web.authentication.logout.LogoutFilter@6f2df778, org.springframework.security.web.authentication.UsernamePasswordAuthenticationFilter@642f01b8, org.springframework.security.web.authentication.ui.DefaultLoginPageGeneratingFilter@33f0712c, org.springframework.security.web.authentication.ui.DefaultLogoutPageGeneratingFilter@5eb1afb0, org.springframework.security.web.authentication.www.BasicAuthenticationFilter@ace2e50, org.springframework.security.web.savedrequest.RequestCacheAwareFilter@5a3db8b, org.springframework.security.web.servletapi.SecurityContextHolderAwareRequestFilter@8167e2, org.springframework.security.web.authentication.AnonymousAuthenticationFilter@25f6b698, org.springframework.security.web.session.SessionManagementFilter@366048a, org.springframework.security.web.access.ExceptionTranslationFilter@8d0f452, org.springframework.security.web.access.intercept.FilterSecurityInterceptor@28769616]
2023-04-11 13:54:25.045  INFO 6452 --- [    Test worker] o.s.b.t.m.w.SpringBootMockServletContext : Initializing Spring TestDispatcherServlet ''
2023-04-11 13:54:25.045  INFO 6452 --- [    Test worker] o.s.t.web.servlet.TestDispatcherServlet  : Initializing Servlet ''
2023-04-11 13:54:25.074  INFO 6452 --- [    Test worker] o.s.t.web.servlet.TestDispatcherServlet  : Completed initialization in 29 ms
2023-04-11 13:54:25.135  INFO 6452 --- [    Test worker] c.j.b.s.web.HelloControllerTest          : Started HelloControllerTest in 1.926 seconds (JVM running for 20.318)
]]></system-out>
  <system-err><![CDATA[]]></system-err>
</testsuite>
