<?xml version="1.0" encoding="UTF-8"?>
<testsuite name="com.jojoldu.book.springboot.web.HelloControllerTest" tests="2" skipped="0" failures="0" errors="0" timestamp="2023-04-10T16:30:12" hostname="DESKTOP-MII7F4P" time="0.448">
  <properties/>
  <testcase name="hello가_리턴된다" classname="com.jojoldu.book.springboot.web.HelloControllerTest" time="0.274"/>
  <testcase name="helloDto가_리턴된다" classname="com.jojoldu.book.springboot.web.HelloControllerTest" time="0.173"/>
  <system-out><![CDATA[2023-04-11 01:30:09.847  INFO 8384 --- [    Test worker] .b.t.a.w.s.WebMvcTestContextBootstrapper : Neither @ContextConfiguration nor @ContextHierarchy found for test class [com.jojoldu.book.springboot.web.HelloControllerTest], using SpringBootContextLoader
2023-04-11 01:30:09.851  INFO 8384 --- [    Test worker] o.s.t.c.support.AbstractContextLoader    : Could not detect default resource locations for test class [com.jojoldu.book.springboot.web.HelloControllerTest]: no resource found for suffixes {-context.xml, Context.groovy}.
2023-04-11 01:30:09.851  INFO 8384 --- [    Test worker] t.c.s.AnnotationConfigContextLoaderUtils : Could not detect default configuration classes for test class [com.jojoldu.book.springboot.web.HelloControllerTest]: HelloControllerTest does not declare any static, non-private, non-final, nested classes annotated with @Configuration.
2023-04-11 01:30:09.930  INFO 8384 --- [    Test worker] .b.t.c.SpringBootTestContextBootstrapper : Found @SpringBootConfiguration com.jojoldu.book.springboot.Application for test class com.jojoldu.book.springboot.web.HelloControllerTest
2023-04-11 01:30:09.931  INFO 8384 --- [    Test worker] .b.t.a.w.s.WebMvcTestContextBootstrapper : Loaded default TestExecutionListener class names from location [META-INF/spring.factories]: [org.springframework.security.test.context.support.WithSecurityContextTestExecutionListener, org.springframework.security.test.context.support.ReactorContextTestExecutionListener, org.springframework.boot.test.autoconfigure.restdocs.RestDocsTestExecutionListener, org.springframework.boot.test.autoconfigure.web.client.MockRestServiceServerResetTestExecutionListener, org.springframework.boot.test.autoconfigure.web.servlet.MockMvcPrintOnlyOnFailureTestExecutionListener, org.springframework.boot.test.autoconfigure.web.servlet.WebDriverTestExecutionListener, org.springframework.boot.test.mock.mockito.MockitoTestExecutionListener, org.springframework.boot.test.mock.mockito.ResetMocksTestExecutionListener, org.springframework.test.context.web.ServletTestExecutionListener, org.springframework.test.context.support.DirtiesContextBeforeModesTestExecutionListener, org.springframework.test.context.support.DependencyInjectionTestExecutionListener, org.springframework.test.context.support.DirtiesContextTestExecutionListener, org.springframework.test.context.transaction.TransactionalTestExecutionListener, org.springframework.test.context.jdbc.SqlScriptsTestExecutionListener]
2023-04-11 01:30:09.934  INFO 8384 --- [    Test worker] .b.t.a.w.s.WebMvcTestContextBootstrapper : Using TestExecutionListeners: [org.springframework.test.context.web.ServletTestExecutionListener@2cf04047, org.springframework.test.context.support.DirtiesContextBeforeModesTestExecutionListener@6a4e635d, org.springframework.boot.test.mock.mockito.MockitoTestExecutionListener@382c8f40, org.springframework.boot.test.autoconfigure.SpringBootDependencyInjectionTestExecutionListener@45f95ef9, org.springframework.test.context.support.DirtiesContextTestExecutionListener@6b25dc79, org.springframework.test.context.transaction.TransactionalTestExecutionListener@72e80ecb, org.springframework.test.context.jdbc.SqlScriptsTestExecutionListener@2e62c959, org.springframework.security.test.context.support.WithSecurityContextTestExecutionListener@21e354fa, org.springframework.security.test.context.support.ReactorContextTestExecutionListener@646092ab, org.springframework.boot.test.autoconfigure.restdocs.RestDocsTestExecutionListener@564c46ba, org.springframework.boot.test.autoconfigure.web.client.MockRestServiceServerResetTestExecutionListener@6e5c652b, org.springframework.boot.test.autoconfigure.web.servlet.MockMvcPrintOnlyOnFailureTestExecutionListener@55a3a89e, org.springframework.boot.test.autoconfigure.web.servlet.WebDriverTestExecutionListener@35b68d4b, org.springframework.boot.test.mock.mockito.ResetMocksTestExecutionListener@1fb64d1]

  .   ____          _            __ _ _
 /\\ / ___'_ __ _ _(_)_ __  __ _ \ \ \ \
( ( )\___ | '_ | '_| | '_ \/ _` | \ \ \ \
 \\/  ___)| |_)| | | | | || (_| |  ) ) ) )
  '  |____| .__|_| |_|_| |_\__, | / / / /
 =========|_|==============|___/=/_/_/_/
 :: Spring Boot ::        (v2.1.7.RELEASE)

2023-04-11 01:30:10.028  INFO 8384 --- [    Test worker] c.j.b.s.web.HelloControllerTest          : Starting HelloControllerTest on DESKTOP-MII7F4P with PID 8384 (started by SeHyeon in C:\Users\SeHyeon\Documents\Spring\Projects\webservice-practice)
2023-04-11 01:30:10.031  INFO 8384 --- [    Test worker] c.j.b.s.web.HelloControllerTest          : No active profile set, falling back to default profiles: default
2023-04-11 01:30:11.512  INFO 8384 --- [    Test worker] o.s.s.concurrent.ThreadPoolTaskExecutor  : Initializing ExecutorService 'applicationTaskExecutor'
2023-04-11 01:30:11.615  INFO 8384 --- [    Test worker] o.s.b.a.w.s.WelcomePageHandlerMapping    : Adding welcome page template: index
2023-04-11 01:30:12.227  INFO 8384 --- [    Test worker] .s.s.UserDetailsServiceAutoConfiguration : 

Using generated security password: 890900db-9a9c-4fb2-b57f-3f190968641f

2023-04-11 01:30:12.584  INFO 8384 --- [    Test worker] o.s.s.web.DefaultSecurityFilterChain     : Creating filter chain: any request, [org.springframework.security.web.context.request.async.WebAsyncManagerIntegrationFilter@1ba4e77a, org.springframework.security.web.context.SecurityContextPersistenceFilter@3c4b6129, org.springframework.security.web.header.HeaderWriterFilter@2c4a11cb, org.springframework.security.web.csrf.CsrfFilter@1d20397c, org.springframework.security.web.authentication.logout.LogoutFilter@7c53d1d4, org.springframework.security.web.authentication.UsernamePasswordAuthenticationFilter@dc0b1f9, org.springframework.security.web.authentication.ui.DefaultLoginPageGeneratingFilter@7a846399, org.springframework.security.web.authentication.ui.DefaultLogoutPageGeneratingFilter@238e06a0, org.springframework.security.web.authentication.www.BasicAuthenticationFilter@4dbe3f78, org.springframework.security.web.savedrequest.RequestCacheAwareFilter@5f6ff575, org.springframework.security.web.servletapi.SecurityContextHolderAwareRequestFilter@23d7631a, org.springframework.security.web.authentication.AnonymousAuthenticationFilter@1ff7b856, org.springframework.security.web.session.SessionManagementFilter@303d26e7, org.springframework.security.web.access.ExceptionTranslationFilter@79235c81, org.springframework.security.web.access.intercept.FilterSecurityInterceptor@28cac5e6]
2023-04-11 01:30:12.691  INFO 8384 --- [    Test worker] o.s.b.t.m.w.SpringBootMockServletContext : Initializing Spring TestDispatcherServlet ''
2023-04-11 01:30:12.692  INFO 8384 --- [    Test worker] o.s.t.web.servlet.TestDispatcherServlet  : Initializing Servlet ''
2023-04-11 01:30:12.749  INFO 8384 --- [    Test worker] o.s.t.web.servlet.TestDispatcherServlet  : Completed initialization in 56 ms
2023-04-11 01:30:12.898  INFO 8384 --- [    Test worker] c.j.b.s.web.HelloControllerTest          : Started HelloControllerTest in 2.959 seconds (JVM running for 27.336)
]]></system-out>
  <system-err><![CDATA[]]></system-err>
</testsuite>
